<?xml version="1.0" encoding="UTF-8"?>
<!-- Generated by org.testng.reporters.JUnitXMLReporter -->
<testsuite ignored="0" hostname="DESKTOP-EEJ654N" failures="0" tests="3" name="Test" time="31.024" errors="0" timestamp="2025-05-15T08:45:49 IST">
  <testcase classname="testLayer.LoginPageTest" name="validateLoginFunctionality" time="0.619"/>
  <testcase classname="testLayer.HomePageTest" name="validateHomePage" time="2.878"/>
  <testcase classname="testLayer.CreateNewDealPageTest" name="validateNewDeal" time="19.97"/>
</testsuite> <!-- Test -->
