<?xml version="1.0" encoding="UTF-8"?>
<!-- Generated by org.testng.reporters.JUnitXMLReporter -->
<testsuite ignored="0" hostname="DESKTOP-EEJ654N" failures="0" tests="3" name="Test" time="32.278" errors="0" timestamp="2025-05-15T09:43:31 IST">
  <testcase classname="testLayer.LoginPageTest" name="validateLoginFunctionality" time="0.584"/>
  <testcase classname="testLayer.HomePageTest" name="validateHomePage" time="2.666"/>
  <testcase classname="testLayer.CreateNewDealPageTest" name="validateNewDeal" time="20.021"/>
</testsuite> <!-- Test -->
