<?xml version="1.0" encoding="UTF-8"?>
<testsuite xmlns:xsi="http://www.w3.org/2001/XMLSchema-instance" xsi:noNamespaceSchemaLocation="https://maven.apache.org/surefire/maven-surefire-plugin/xsd/surefire-test-report-3.0.xsd" version="3.0" name="TestSuite" time="33.198" tests="3" errors="0" skipped="0" failures="1">
  <properties>
[...]
</properties>
  <testcase name="validateLoginFunctionality" classname="testLayer.LoginPageTest" time="0.656">
    <system-out><![CDATA[Suite is started CogmentoCRM Application
Test is Start validateLoginFunctionality
]]></system-out>
    <system-err><![CDATA[Sept 07, 2025 11:37:23 PM org.openqa.selenium.devtools.CdpVersionFinder findNearestMatch
WARNING: Unable to find CDP implementation matching 139
Sept 07, 2025 11:37:23 PM org.openqa.selenium.chromium.ChromiumDriver lambda$new$5
WARNING: Unable to find version of CDP to use for 139.0.7258.155. You may need to include a dependency on a specific version of the CDP using something similar to `org.seleniumhq.selenium:selenium-devtools-v86:4.16.1` where the version ("v86") matches the version of the chromium-based browser you're using and the version number of the artifact is the same as Selenium's.
]]></system-err>
  </testcase>
  <testcase name="validateHomePage" classname="testLayer.HomePageTest" time="2.452">
    <system-out><![CDATA[Test is Pass validateLoginFunctionality
Test is Start validateHomePage
]]></system-out>
  </testcase>
  <testcase name="validateNewDeal" classname="testLayer.CreateNewDealPageTest" time="20.508">
    <failure message="element click intercepted: Element &lt;button type=&quot;button&quot; class=&quot;react-datepicker__navigation react-datepicker__navigation--next react-datepicker__navigation--next--with-time&quot; aria-label=&quot;Next Month&quot;&gt;...&lt;/button&gt; is not clickable at point (262, 87). Other element would receive the click: &lt;div class=&quot;ui secondary pointing menu header-title page-header&quot; id=&quot;dashboard-toolbar&quot;&gt;...&lt;/div&gt;&#10;  (Session info: chrome=139.0.7258.155)&#10;Build info: version: &apos;4.16.1&apos;, revision: &apos;9b4c83354e&apos;&#10;System info: os.name: &apos;Windows 10&apos;, os.arch: &apos;amd64&apos;, os.version: &apos;10.0&apos;, java.version: &apos;21.0.8&apos;&#10;Driver info: org.openqa.selenium.chrome.ChromeDriver&#10;Command: [76d7c3098c3b42e9a31c08cd2ddaf05b, clickElement {id=f.0F87B72AF82ADF67042EC0D11D6E6344.d.50E85ABA0C5F7B48A8A6DDEBFAF76616.e.272}]&#10;Capabilities {acceptInsecureCerts: false, browserName: chrome, browserVersion: 139.0.7258.155, chrome: {chromedriverVersion: 139.0.7258.154 (9e0d6b2b47f..., userDataDir: C:\Users\Admin\AppData\Loca...}, fedcm:accounts: true, goog:chromeOptions: {debuggerAddress: localhost:59558}, networkConnectionEnabled: false, pageLoadStrategy: normal, platformName: windows, proxy: Proxy(), se:cdp: ws://localhost:59558/devtoo..., se:cdpVersion: 139.0.7258.155, setWindowRect: true, strictFileInteractability: false, timeouts: {implicit: 0, pageLoad: 300000, script: 30000}, unhandledPromptBehavior: dismiss and notify, webauthn:extension:credBlob: true, webauthn:extension:largeBlob: true, webauthn:extension:minPinLength: true, webauthn:extension:prf: true, webauthn:virtualAuthenticators: true}&#10;Element: [[ChromeDriver: chrome on windows (76d7c3098c3b42e9a31c08cd2ddaf05b)] -&gt; xpath: //button[@class=&apos;react-datepicker__navigation react-datepicker__navigation--next react-datepicker__navigation--next--with-time&apos;]]&#10;Session ID: 76d7c3098c3b42e9a31c08cd2ddaf05b" type="org.openqa.selenium.ElementClickInterceptedException"><![CDATA[org.openqa.selenium.ElementClickInterceptedException: 
element click intercepted: Element <button type="button" class="react-datepicker__navigation react-datepicker__navigation--next react-datepicker__navigation--next--with-time" aria-label="Next Month">...</button> is not clickable at point (262, 87). Other element would receive the click: <div class="ui secondary pointing menu header-title page-header" id="dashboard-toolbar">...</div>
  (Session info: chrome=139.0.7258.155)
Build info: version: '4.16.1', revision: '9b4c83354e'
System info: os.name: 'Windows 10', os.arch: 'amd64', os.version: '10.0', java.version: '21.0.8'
Driver info: org.openqa.selenium.chrome.ChromeDriver
Command: [76d7c3098c3b42e9a31c08cd2ddaf05b, clickElement {id=f.0F87B72AF82ADF67042EC0D11D6E6344.d.50E85ABA0C5F7B48A8A6DDEBFAF76616.e.272}]
Capabilities {acceptInsecureCerts: false, browserName: chrome, browserVersion: 139.0.7258.155, chrome: {chromedriverVersion: 139.0.7258.154 (9e0d6b2b47f..., userDataDir: C:\Users\Admin\AppData\Loca...}, fedcm:accounts: true, goog:chromeOptions: {debuggerAddress: localhost:59558}, networkConnectionEnabled: false, pageLoadStrategy: normal, platformName: windows, proxy: Proxy(), se:cdp: ws://localhost:59558/devtoo..., se:cdpVersion: 139.0.7258.155, setWindowRect: true, strictFileInteractability: false, timeouts: {implicit: 0, pageLoad: 300000, script: 30000}, unhandledPromptBehavior: dismiss and notify, webauthn:extension:credBlob: true, webauthn:extension:largeBlob: true, webauthn:extension:minPinLength: true, webauthn:extension:prf: true, webauthn:virtualAuthenticators: true}
Element: [[ChromeDriver: chrome on windows (76d7c3098c3b42e9a31c08cd2ddaf05b)] -> xpath: //button[@class='react-datepicker__navigation react-datepicker__navigation--next react-datepicker__navigation--next--with-time']]
Session ID: 76d7c3098c3b42e9a31c08cd2ddaf05b
	at testLayer.CreateNewDealPageTest.validateNewDeal(CreateNewDealPageTest.java:36)
]]></failure>
    <system-out><![CDATA[Test is Pass validateHomePage
Test is Start validateNewDeal
]]></system-out>
  </testcase>
</testsuite>