<?xml version="1.0" encoding="UTF-8"?>
<testng-results ignored="0" total="3" passed="3" failed="0" skipped="0">
  <reporter-output>
  </reporter-output>
  <suite started-at="2025-05-15T09:42:59 IST" name="CogmentoCRM Application" finished-at="2025-05-15T09:43:31 IST" duration-ms="32278">
    <groups>
    </groups>
    <test started-at="2025-05-15T09:42:59 IST" name="Test" finished-at="2025-05-15T09:43:31 IST" duration-ms="32278">
      <class name="testLayer.CreateNewDealPageTest">
        <test-method signature="validateNewDeal()[pri:0, instance:testLayer.CreateNewDealPageTest@6379eb]" started-at="2025-05-15T09:43:11 IST" name="validateNewDeal" finished-at="2025-05-15T09:43:31 IST" duration-ms="20021" status="PASS">
          <reporter-output>
          </reporter-output>
        </test-method> <!-- validateNewDeal -->
      </class> <!-- testLayer.CreateNewDealPageTest -->
      <class name="testLayer.LoginPageTest">
        <test-method is-config="true" signature="setUp()[pri:0, instance:testLayer.LoginPageTest@4466af20]" started-at="2025-05-15T09:42:59 IST" name="setUp" finished-at="2025-05-15T09:43:07 IST" duration-ms="7765" status="PASS">
          <reporter-output>
          </reporter-output>
        </test-method> <!-- setUp -->
        <test-method signature="validateLoginFunctionality()[pri:0, instance:testLayer.LoginPageTest@4466af20]" started-at="2025-05-15T09:43:07 IST" name="validateLoginFunctionality" finished-at="2025-05-15T09:43:08 IST" duration-ms="584" status="PASS">
          <reporter-output>
          </reporter-output>
        </test-method> <!-- validateLoginFunctionality -->
      </class> <!-- testLayer.LoginPageTest -->
      <class name="testLayer.HomePageTest">
        <test-method signature="validateHomePage()[pri:0, instance:testLayer.HomePageTest@4cc451f2]" started-at="2025-05-15T09:43:08 IST" name="validateHomePage" finished-at="2025-05-15T09:43:10 IST" duration-ms="2666" status="PASS">
          <reporter-output>
          </reporter-output>
        </test-method> <!-- validateHomePage -->
      </class> <!-- testLayer.HomePageTest -->
    </test> <!-- Test -->
  </suite> <!-- CogmentoCRM Application -->
</testng-results>
